<?xml version="1.0" encoding="UTF-8"?>
<robot generator="Robot 5.0.1 (Python 3.10.5 on win32)" generated="20220728 10:25:12.406" rpa="false" schemaversion="3">
<suite id="s1" name="Mobile Test" source="E:\Github\pakwan-oranghrm-personal\mobile_pycharm\mobile_test.robot">
<test id="s1-t1" name="Test_additional" line="14">
<kw name="Open_calculator">
<msg timestamp="20220728 10:25:12.602" level="TRACE">Arguments: [  ]</msg>
<kw name="Open Application" library="AppiumLibrary">
<arg>${host}</arg>
<arg>platformName=${platAndroid}</arg>
<arg>deviceName=${emulator}</arg>
<arg>appPackage=com.everydaycalculation.casiocalculator</arg>
<arg>appActivity=com.everydaycalculation.casiocalculator.Basic</arg>
<doc>Opens a new application to given Appium server.
Capabilities of appium server, Android and iOS,
Please check https://github.com/appium/appium/blob/master/docs/en/writing-running-appium/server-args.md
| *Option*            | *Man.* | *Description*     |
| remote_url          | Yes    | Appium server url |
| alias               | no     | alias             |</doc>
<msg timestamp="20220728 10:25:12.602" level="TRACE">Arguments: [ 'http://localhost:4723/wd/hub' | platformName='Android' | deviceName='emulator-5554' | appPackage='com.everydaycalculation.casiocalculator' | appActivity='com.everydaycalculation.casiocalculator.Basic' ]</msg>
<msg timestamp="20220728 10:25:14.619" level="DEBUG">POST http://127.0.0.1:4723/wd/hub/session {"capabilities": {"firstMatch": [{"platformName": "Android", "appium:deviceName": "emulator-5554", "appium:appPackage": "com.everydaycalculation.casiocalculator", "appium:appActivity": "com.everydaycalculation.casiocalculator.Basic"}]}, "desiredCapabilities": {"platformName": "Android", "deviceName": "emulator-5554", "appPackage": "com.everydaycalculation.casiocalculator", "appActivity": "com.everydaycalculation.casiocalculator.Basic"}}</msg>
<msg timestamp="20220728 10:25:14.626" level="DEBUG">Starting new HTTP connection (1): 127.0.0.1:4723</msg>
<msg timestamp="20220728 10:25:26.290" level="DEBUG">http://127.0.0.1:4723 "POST /wd/hub/session HTTP/1.1" 200 910</msg>
<msg timestamp="20220728 10:25:26.290" level="DEBUG">Finished Request</msg>
<msg timestamp="20220728 10:25:26.291" level="DEBUG">Opened application with session id d99342c3-7a55-4b57-9d4b-5d76395320e3</msg>
<msg timestamp="20220728 10:25:26.291" level="TRACE">Return: 1</msg>
<status status="PASS" starttime="20220728 10:25:12.602" endtime="20220728 10:25:26.292"/>
</kw>
<kw name="Wait Until Page Contains Element" library="AppiumLibrary">
<arg>id=com.everydaycalculation.casiocalculator:id/mainLayout</arg>
<doc>Waits until element specified with `locator` appears on current page.</doc>
<msg timestamp="20220728 10:25:26.292" level="TRACE">Arguments: [ 'id=com.everydaycalculation.casiocalculator:id/mainLayout' ]</msg>
<msg timestamp="20220728 10:25:26.292" level="DEBUG">POST http://127.0.0.1:4723/wd/hub/session/d99342c3-7a55-4b57-9d4b-5d76395320e3/elements {"using": "id", "value": "com.everydaycalculation.casiocalculator:id/mainLayout"}</msg>
<msg timestamp="20220728 10:25:27.252" level="DEBUG">http://127.0.0.1:4723 "POST /wd/hub/session/d99342c3-7a55-4b57-9d4b-5d76395320e3/elements HTTP/1.1" 200 139</msg>
<msg timestamp="20220728 10:25:27.252" level="DEBUG">Finished Request</msg>
<msg timestamp="20220728 10:25:27.252" level="TRACE">Return: None</msg>
<status status="PASS" starttime="20220728 10:25:26.292" endtime="20220728 10:25:27.252"/>
</kw>
<msg timestamp="20220728 10:25:27.252" level="TRACE">Return: None</msg>
<status status="PASS" starttime="20220728 10:25:12.602" endtime="20220728 10:25:27.252"/>
</kw>
<kw name="Click Element" library="AppiumLibrary">
<arg>id=com.everydaycalculation.casiocalculator:id/btn_9</arg>
<doc>Click element identified by `locator`.</doc>
<msg timestamp="20220728 10:25:27.253" level="TRACE">Arguments: [ 'id=com.everydaycalculation.casiocalculator:id/btn_9' ]</msg>
<msg timestamp="20220728 10:25:27.254" level="INFO">Clicking element 'id=com.everydaycalculation.casiocalculator:id/btn_9'.</msg>
<msg timestamp="20220728 10:25:27.254" level="DEBUG">POST http://127.0.0.1:4723/wd/hub/session/d99342c3-7a55-4b57-9d4b-5d76395320e3/elements {"using": "id", "value": "com.everydaycalculation.casiocalculator:id/btn_9"}</msg>
<msg timestamp="20220728 10:25:27.403" level="DEBUG">http://127.0.0.1:4723 "POST /wd/hub/session/d99342c3-7a55-4b57-9d4b-5d76395320e3/elements HTTP/1.1" 200 139</msg>
<msg timestamp="20220728 10:25:27.403" level="DEBUG">Finished Request</msg>
<msg timestamp="20220728 10:25:27.403" level="DEBUG">POST http://127.0.0.1:4723/wd/hub/session/d99342c3-7a55-4b57-9d4b-5d76395320e3/element/00000000-0000-03a4-ffff-ffff00000043/click {"id": "00000000-0000-03a4-ffff-ffff00000043"}</msg>
<msg timestamp="20220728 10:25:27.454" level="DEBUG">http://127.0.0.1:4723 "POST /wd/hub/session/d99342c3-7a55-4b57-9d4b-5d76395320e3/element/00000000-0000-03a4-ffff-ffff00000043/click HTTP/1.1" 200 14</msg>
<msg timestamp="20220728 10:25:27.454" level="DEBUG">Finished Request</msg>
<msg timestamp="20220728 10:25:27.454" level="TRACE">Return: None</msg>
<status status="PASS" starttime="20220728 10:25:27.253" endtime="20220728 10:25:27.454"/>
</kw>
<kw name="Element Should Contain Text" library="AppiumLibrary">
<arg>id=com.everydaycalculation.casiocalculator:id/txt_out</arg>
<arg>9</arg>
<doc>Verifies element identified by ``locator`` contains text ``expected``.</doc>
<msg timestamp="20220728 10:25:27.455" level="TRACE">Arguments: [ 'id=com.everydaycalculation.casiocalculator:id/txt_out' | '9' ]</msg>
<msg timestamp="20220728 10:25:27.456" level="INFO">Verifying element 'id=com.everydaycalculation.casiocalculator:id/txt_out' contains text '9'.</msg>
<msg timestamp="20220728 10:25:27.456" level="DEBUG">POST http://127.0.0.1:4723/wd/hub/session/d99342c3-7a55-4b57-9d4b-5d76395320e3/elements {"using": "id", "value": "com.everydaycalculation.casiocalculator:id/txt_out"}</msg>
<msg timestamp="20220728 10:25:27.548" level="DEBUG">http://127.0.0.1:4723 "POST /wd/hub/session/d99342c3-7a55-4b57-9d4b-5d76395320e3/elements HTTP/1.1" 200 139</msg>
<msg timestamp="20220728 10:25:27.548" level="DEBUG">Finished Request</msg>
<msg timestamp="20220728 10:25:27.548" level="DEBUG">GET http://127.0.0.1:4723/wd/hub/session/d99342c3-7a55-4b57-9d4b-5d76395320e3/element/00000000-0000-03a4-ffff-ffff00000012/text {"id": "00000000-0000-03a4-ffff-ffff00000012"}</msg>
<msg timestamp="20220728 10:25:28.596" level="DEBUG">http://127.0.0.1:4723 "GET /wd/hub/session/d99342c3-7a55-4b57-9d4b-5d76395320e3/element/00000000-0000-03a4-ffff-ffff00000012/text HTTP/1.1" 200 64</msg>
<msg timestamp="20220728 10:25:28.596" level="DEBUG">Finished Request</msg>
<msg timestamp="20220728 10:25:28.596" level="TRACE">Return: None</msg>
<status status="PASS" starttime="20220728 10:25:27.455" endtime="20220728 10:25:28.596"/>
</kw>
<kw name="Click Element" library="AppiumLibrary">
<arg>id=com.everydaycalculation.casiocalculator:id/btn_add</arg>
<doc>Click element identified by `locator`.</doc>
<msg timestamp="20220728 10:25:28.597" level="TRACE">Arguments: [ 'id=com.everydaycalculation.casiocalculator:id/btn_add' ]</msg>
<msg timestamp="20220728 10:25:28.597" level="INFO">Clicking element 'id=com.everydaycalculation.casiocalculator:id/btn_add'.</msg>
<msg timestamp="20220728 10:25:28.598" level="DEBUG">POST http://127.0.0.1:4723/wd/hub/session/d99342c3-7a55-4b57-9d4b-5d76395320e3/elements {"using": "id", "value": "com.everydaycalculation.casiocalculator:id/btn_add"}</msg>
<msg timestamp="20220728 10:25:28.718" level="DEBUG">http://127.0.0.1:4723 "POST /wd/hub/session/d99342c3-7a55-4b57-9d4b-5d76395320e3/elements HTTP/1.1" 200 139</msg>
<msg timestamp="20220728 10:25:28.718" level="DEBUG">Finished Request</msg>
<msg timestamp="20220728 10:25:28.718" level="DEBUG">POST http://127.0.0.1:4723/wd/hub/session/d99342c3-7a55-4b57-9d4b-5d76395320e3/element/00000000-0000-03a4-ffff-ffff00000052/click {"id": "00000000-0000-03a4-ffff-ffff00000052"}</msg>
<msg timestamp="20220728 10:25:28.769" level="DEBUG">http://127.0.0.1:4723 "POST /wd/hub/session/d99342c3-7a55-4b57-9d4b-5d76395320e3/element/00000000-0000-03a4-ffff-ffff00000052/click HTTP/1.1" 200 14</msg>
<msg timestamp="20220728 10:25:28.770" level="DEBUG">Finished Request</msg>
<msg timestamp="20220728 10:25:28.770" level="TRACE">Return: None</msg>
<status status="PASS" starttime="20220728 10:25:28.596" endtime="20220728 10:25:28.770"/>
</kw>
<kw name="Click Element" library="AppiumLibrary">
<arg>id=com.everydaycalculation.casiocalculator:id/btn_3</arg>
<doc>Click element identified by `locator`.</doc>
<msg timestamp="20220728 10:25:28.770" level="TRACE">Arguments: [ 'id=com.everydaycalculation.casiocalculator:id/btn_3' ]</msg>
<msg timestamp="20220728 10:25:28.771" level="INFO">Clicking element 'id=com.everydaycalculation.casiocalculator:id/btn_3'.</msg>
<msg timestamp="20220728 10:25:28.771" level="DEBUG">POST http://127.0.0.1:4723/wd/hub/session/d99342c3-7a55-4b57-9d4b-5d76395320e3/elements {"using": "id", "value": "com.everydaycalculation.casiocalculator:id/btn_3"}</msg>
<msg timestamp="20220728 10:25:29.361" level="DEBUG">http://127.0.0.1:4723 "POST /wd/hub/session/d99342c3-7a55-4b57-9d4b-5d76395320e3/elements HTTP/1.1" 200 139</msg>
<msg timestamp="20220728 10:25:29.362" level="DEBUG">Finished Request</msg>
<msg timestamp="20220728 10:25:29.362" level="DEBUG">POST http://127.0.0.1:4723/wd/hub/session/d99342c3-7a55-4b57-9d4b-5d76395320e3/element/00000000-0000-03a4-ffff-ffff00000045/click {"id": "00000000-0000-03a4-ffff-ffff00000045"}</msg>
<msg timestamp="20220728 10:25:30.498" level="DEBUG">http://127.0.0.1:4723 "POST /wd/hub/session/d99342c3-7a55-4b57-9d4b-5d76395320e3/element/00000000-0000-03a4-ffff-ffff00000045/click HTTP/1.1" 200 14</msg>
<msg timestamp="20220728 10:25:30.499" level="DEBUG">Finished Request</msg>
<msg timestamp="20220728 10:25:30.499" level="TRACE">Return: None</msg>
<status status="PASS" starttime="20220728 10:25:28.770" endtime="20220728 10:25:30.499"/>
</kw>
<kw name="Element Should Contain Text" library="AppiumLibrary">
<arg>id=com.everydaycalculation.casiocalculator:id/txt_out</arg>
<arg>3</arg>
<doc>Verifies element identified by ``locator`` contains text ``expected``.</doc>
<msg timestamp="20220728 10:25:30.499" level="TRACE">Arguments: [ 'id=com.everydaycalculation.casiocalculator:id/txt_out' | '3' ]</msg>
<msg timestamp="20220728 10:25:30.500" level="INFO">Verifying element 'id=com.everydaycalculation.casiocalculator:id/txt_out' contains text '3'.</msg>
<msg timestamp="20220728 10:25:30.500" level="DEBUG">POST http://127.0.0.1:4723/wd/hub/session/d99342c3-7a55-4b57-9d4b-5d76395320e3/elements {"using": "id", "value": "com.everydaycalculation.casiocalculator:id/txt_out"}</msg>
<msg timestamp="20220728 10:25:30.621" level="DEBUG">http://127.0.0.1:4723 "POST /wd/hub/session/d99342c3-7a55-4b57-9d4b-5d76395320e3/elements HTTP/1.1" 200 139</msg>
<msg timestamp="20220728 10:25:30.622" level="DEBUG">Finished Request</msg>
<msg timestamp="20220728 10:25:30.622" level="DEBUG">GET http://127.0.0.1:4723/wd/hub/session/d99342c3-7a55-4b57-9d4b-5d76395320e3/element/00000000-0000-03a4-ffff-ffff00000012/text {"id": "00000000-0000-03a4-ffff-ffff00000012"}</msg>
<msg timestamp="20220728 10:25:30.640" level="DEBUG">http://127.0.0.1:4723 "GET /wd/hub/session/d99342c3-7a55-4b57-9d4b-5d76395320e3/element/00000000-0000-03a4-ffff-ffff00000012/text HTTP/1.1" 200 64</msg>
<msg timestamp="20220728 10:25:30.640" level="DEBUG">Finished Request</msg>
<msg timestamp="20220728 10:25:30.640" level="TRACE">Return: None</msg>
<status status="PASS" starttime="20220728 10:25:30.499" endtime="20220728 10:25:30.641"/>
</kw>
<kw name="Element Should Contain Text" library="AppiumLibrary">
<arg>com.everydaycalculation.casiocalculator:id/txt_hint</arg>
<arg>9 +</arg>
<doc>Verifies element identified by ``locator`` contains text ``expected``.</doc>
<msg timestamp="20220728 10:25:30.641" level="TRACE">Arguments: [ 'com.everydaycalculation.casiocalculator:id/txt_hint' | '9 +' ]</msg>
<msg timestamp="20220728 10:25:30.642" level="INFO">Verifying element 'com.everydaycalculation.casiocalculator:id/txt_hint' contains text '9 +'.</msg>
<msg timestamp="20220728 10:25:30.642" level="DEBUG">POST http://127.0.0.1:4723/wd/hub/session/d99342c3-7a55-4b57-9d4b-5d76395320e3/elements {"using": "id", "value": "com.everydaycalculation.casiocalculator:id/txt_hint"}</msg>
<msg timestamp="20220728 10:25:30.742" level="DEBUG">http://127.0.0.1:4723 "POST /wd/hub/session/d99342c3-7a55-4b57-9d4b-5d76395320e3/elements HTTP/1.1" 200 139</msg>
<msg timestamp="20220728 10:25:30.742" level="DEBUG">Finished Request</msg>
<msg timestamp="20220728 10:25:30.742" level="DEBUG">GET http://127.0.0.1:4723/wd/hub/session/d99342c3-7a55-4b57-9d4b-5d76395320e3/element/00000000-0000-03a4-ffff-ffff00000013/text {"id": "00000000-0000-03a4-ffff-ffff00000013"}</msg>
<msg timestamp="20220728 10:25:30.761" level="DEBUG">http://127.0.0.1:4723 "GET /wd/hub/session/d99342c3-7a55-4b57-9d4b-5d76395320e3/element/00000000-0000-03a4-ffff-ffff00000013/text HTTP/1.1" 200 66</msg>
<msg timestamp="20220728 10:25:30.761" level="DEBUG">Finished Request</msg>
<msg timestamp="20220728 10:25:30.761" level="TRACE">Return: None</msg>
<status status="PASS" starttime="20220728 10:25:30.641" endtime="20220728 10:25:30.761"/>
</kw>
<kw name="Click Element" library="AppiumLibrary">
<arg>id=com.everydaycalculation.casiocalculator:id/btn_equals</arg>
<doc>Click element identified by `locator`.</doc>
<msg timestamp="20220728 10:25:30.762" level="TRACE">Arguments: [ 'id=com.everydaycalculation.casiocalculator:id/btn_equals' ]</msg>
<msg timestamp="20220728 10:25:30.763" level="INFO">Clicking element 'id=com.everydaycalculation.casiocalculator:id/btn_equals'.</msg>
<msg timestamp="20220728 10:25:30.763" level="DEBUG">POST http://127.0.0.1:4723/wd/hub/session/d99342c3-7a55-4b57-9d4b-5d76395320e3/elements {"using": "id", "value": "com.everydaycalculation.casiocalculator:id/btn_equals"}</msg>
<msg timestamp="20220728 10:25:30.864" level="DEBUG">http://127.0.0.1:4723 "POST /wd/hub/session/d99342c3-7a55-4b57-9d4b-5d76395320e3/elements HTTP/1.1" 200 139</msg>
<msg timestamp="20220728 10:25:30.865" level="DEBUG">Finished Request</msg>
<msg timestamp="20220728 10:25:30.865" level="DEBUG">POST http://127.0.0.1:4723/wd/hub/session/d99342c3-7a55-4b57-9d4b-5d76395320e3/element/00000000-0000-03a4-ffff-ffff00000046/click {"id": "00000000-0000-03a4-ffff-ffff00000046"}</msg>
<msg timestamp="20220728 10:25:31.435" level="DEBUG">http://127.0.0.1:4723 "POST /wd/hub/session/d99342c3-7a55-4b57-9d4b-5d76395320e3/element/00000000-0000-03a4-ffff-ffff00000046/click HTTP/1.1" 200 14</msg>
<msg timestamp="20220728 10:25:31.435" level="DEBUG">Finished Request</msg>
<msg timestamp="20220728 10:25:31.435" level="TRACE">Return: None</msg>
<status status="PASS" starttime="20220728 10:25:30.762" endtime="20220728 10:25:31.435"/>
</kw>
<kw name="Element Should Contain Text" library="AppiumLibrary">
<arg>com.everydaycalculation.casiocalculator:id/txt_hint</arg>
<arg>9 + 3</arg>
<doc>Verifies element identified by ``locator`` contains text ``expected``.</doc>
<msg timestamp="20220728 10:25:31.435" level="TRACE">Arguments: [ 'com.everydaycalculation.casiocalculator:id/txt_hint' | '9 + 3' ]</msg>
<msg timestamp="20220728 10:25:31.436" level="INFO">Verifying element 'com.everydaycalculation.casiocalculator:id/txt_hint' contains text '9 + 3'.</msg>
<msg timestamp="20220728 10:25:31.436" level="DEBUG">POST http://127.0.0.1:4723/wd/hub/session/d99342c3-7a55-4b57-9d4b-5d76395320e3/elements {"using": "id", "value": "com.everydaycalculation.casiocalculator:id/txt_hint"}</msg>
<msg timestamp="20220728 10:25:31.539" level="DEBUG">http://127.0.0.1:4723 "POST /wd/hub/session/d99342c3-7a55-4b57-9d4b-5d76395320e3/elements HTTP/1.1" 200 139</msg>
<msg timestamp="20220728 10:25:31.539" level="DEBUG">Finished Request</msg>
<msg timestamp="20220728 10:25:31.539" level="DEBUG">GET http://127.0.0.1:4723/wd/hub/session/d99342c3-7a55-4b57-9d4b-5d76395320e3/element/00000000-0000-03a4-ffff-ffff00000013/text {"id": "00000000-0000-03a4-ffff-ffff00000013"}</msg>
<msg timestamp="20220728 10:25:31.553" level="DEBUG">http://127.0.0.1:4723 "GET /wd/hub/session/d99342c3-7a55-4b57-9d4b-5d76395320e3/element/00000000-0000-03a4-ffff-ffff00000013/text HTTP/1.1" 200 68</msg>
<msg timestamp="20220728 10:25:31.553" level="DEBUG">Finished Request</msg>
<msg timestamp="20220728 10:25:31.553" level="TRACE">Return: None</msg>
<status status="PASS" starttime="20220728 10:25:31.435" endtime="20220728 10:25:31.553"/>
</kw>
<kw name="Element Should Contain Text" library="AppiumLibrary">
<arg>id=com.everydaycalculation.casiocalculator:id/txt_out</arg>
<arg>12</arg>
<doc>Verifies element identified by ``locator`` contains text ``expected``.</doc>
<msg timestamp="20220728 10:25:31.554" level="TRACE">Arguments: [ 'id=com.everydaycalculation.casiocalculator:id/txt_out' | '12' ]</msg>
<msg timestamp="20220728 10:25:31.555" level="INFO">Verifying element 'id=com.everydaycalculation.casiocalculator:id/txt_out' contains text '12'.</msg>
<msg timestamp="20220728 10:25:31.555" level="DEBUG">POST http://127.0.0.1:4723/wd/hub/session/d99342c3-7a55-4b57-9d4b-5d76395320e3/elements {"using": "id", "value": "com.everydaycalculation.casiocalculator:id/txt_out"}</msg>
<msg timestamp="20220728 10:25:31.647" level="DEBUG">http://127.0.0.1:4723 "POST /wd/hub/session/d99342c3-7a55-4b57-9d4b-5d76395320e3/elements HTTP/1.1" 200 139</msg>
<msg timestamp="20220728 10:25:31.648" level="DEBUG">Finished Request</msg>
<msg timestamp="20220728 10:25:31.648" level="DEBUG">GET http://127.0.0.1:4723/wd/hub/session/d99342c3-7a55-4b57-9d4b-5d76395320e3/element/00000000-0000-03a4-ffff-ffff00000012/text {"id": "00000000-0000-03a4-ffff-ffff00000012"}</msg>
<msg timestamp="20220728 10:25:31.666" level="DEBUG">http://127.0.0.1:4723 "GET /wd/hub/session/d99342c3-7a55-4b57-9d4b-5d76395320e3/element/00000000-0000-03a4-ffff-ffff00000012/text HTTP/1.1" 200 65</msg>
<msg timestamp="20220728 10:25:31.666" level="DEBUG">Finished Request</msg>
<msg timestamp="20220728 10:25:31.666" level="TRACE">Return: None</msg>
<status status="PASS" starttime="20220728 10:25:31.554" endtime="20220728 10:25:31.666"/>
</kw>
<tag>calculator</tag>
<status status="PASS" starttime="20220728 10:25:12.601" endtime="20220728 10:25:31.666"/>
</test>
<status status="PASS" starttime="20220728 10:25:12.407" endtime="20220728 10:25:31.667"/>
</suite>
<statistics>
<total>
<stat pass="1" fail="0" skip="0">All Tests</stat>
</total>
<tag>
<stat pass="1" fail="0" skip="0">calculator</stat>
</tag>
<suite>
<stat pass="1" fail="0" skip="0" id="s1" name="Mobile Test">Mobile Test</stat>
</suite>
</statistics>
<errors>
</errors>
</robot>
